<?xml version="1.0" encoding="UTF-8"?>
<testng-results ignored="0" total="1" passed="1" failed="0" skipped="0">
  <reporter-output>
  </reporter-output>
  <suite started-at="2020-02-07T17:53:57 PST" name="Default suite" finished-at="2020-02-07T17:54:04 PST" duration-ms="6404">
    <groups>
    </groups>
    <test started-at="2020-02-07T17:53:57 PST" name="Default test" finished-at="2020-02-07T17:54:04 PST" duration-ms="6404">
      <class name="log4j.Log4j">
        <test-method signature="Test4j()[pri:0, instance:log4j.Log4j@71c8becc]" started-at="2020-02-07T17:53:57 PST" name="Test4j" finished-at="2020-02-07T17:54:04 PST" duration-ms="6311" status="PASS">
          <reporter-output>
          </reporter-output>
        </test-method> <!-- Test4j -->
      </class> <!-- log4j.Log4j -->
    </test> <!-- Default test -->
  </suite> <!-- Default suite -->
</testng-results>
