<?xml version="1.0" encoding="UTF-8"?>
<testng-results ignored="0" total="1" passed="1" failed="0" skipped="0">
  <reporter-output>
  </reporter-output>
  <suite started-at="2020-02-06T12:40:15 PST" name="Default suite" finished-at="2020-02-06T12:40:15 PST" duration-ms="109">
    <groups>
    </groups>
    <test started-at="2020-02-06T12:40:15 PST" name="Default test" finished-at="2020-02-06T12:40:15 PST" duration-ms="109">
      <class name="config.Config">
        <test-method signature="UseFile()[pri:0, instance:config.Config@3b2cf7ab]" started-at="2020-02-06T12:40:15 PST" name="UseFile" finished-at="2020-02-06T12:40:15 PST" duration-ms="21" status="PASS">
          <reporter-output>
          </reporter-output>
        </test-method> <!-- UseFile -->
      </class> <!-- config.Config -->
    </test> <!-- Default test -->
  </suite> <!-- Default suite -->
</testng-results>
